
> fiowiki@0.0.0 build
> docusaurus build

[INFO] [en] Creating an optimized production build...
[webpackbar] i Compiling Client
[webpackbar] i Compiling Server
[webpackbar] √ Server: Compiled successfully in 3.10s
[webpackbar] √ Client: Compiled successfully in 5.02s

[ERROR] Error: Unable to build website for locale en.
    at tryToBuildLocale (C:\Users\idfab\fiowiki\node_modules\@docusaurus\core\lib\commands\build\build.js:76:15)
    at async C:\Users\idfab\fiowiki\node_modules\@docusaurus\core\lib\commands\build\build.js:34:9
    at async mapAsyncSequential (C:\Users\idfab\fiowiki\node_modules\@docusaurus\utils\lib\jsUtils.js:21:24)
    at async Command.build (C:\Users\idfab\fiowiki\node_modules\@docusaurus\core\lib\commands\build\build.js:33:5)
    at async Promise.all (index 0)
    at async runCLI (C:\Users\idfab\fiowiki\node_modules\@docusaurus\core\lib\commands\cli.js:56:5)
    at async file:///C:/Users/idfab/fiowiki/node_modules/@docusaurus/core/bin/docusaurus.mjs:44:3 {
  [cause]: Error: Docusaurus found broken links!
  
  Please check the pages of your site in the list below, and make sure you don't reference any path that does not exist.
  Note: it's possible to ignore broken links with the 'onBrokenLinks' Docusaurus configuration, and let the build pass.
  
  Exhaustive list of all broken links found:
  - Broken link on source page path = /plugin/fiomenu/menu/dialogue/:
     -> linking to ./dialogue/input (resolved as: /plugin/fiomenu/menu/dialogue/dialogue/input)
     -> linking to ./dialogue/option (resolved as: /plugin/fiomenu/menu/dialogue/dialogue/option)
     -> linking to ./dialogue/slider (resolved as: /plugin/fiomenu/menu/dialogue/dialogue/slider)
     -> linking to ./dialogue/boolean-checkmark (resolved as: /plugin/fiomenu/menu/dialogue/dialogue/boolean-checkmark)
     -> linking to ./dialogue/button (resolved as: /plugin/fiomenu/menu/dialogue/dialogue/button)
     -> linking to ./dialogue/item-body (resolved as: /plugin/fiomenu/menu/dialogue/dialogue/item-body)
  
      at throwError (C:\Users\idfab\fiowiki\node_modules\@docusaurus\logger\lib\logger.js:80:11)
      at reportBrokenLinks (C:\Users\idfab\fiowiki\node_modules\@docusaurus\core\lib\server\brokenLinks.js:250:47)
      at handleBrokenLinks (C:\Users\idfab\fiowiki\node_modules\@docusaurus\core\lib\server\brokenLinks.js:282:5)
      at executeBrokenLinksCheck (C:\Users\idfab\fiowiki\node_modules\@docusaurus\core\lib\commands\build\buildLocale.js:123:47)
      at C:\Users\idfab\fiowiki\node_modules\@docusaurus\core\lib\commands\build\buildLocale.js:98:67
      at Object.async (C:\Users\idfab\fiowiki\node_modules\@docusaurus\logger\lib\perfLogger.js:42:47)
      at buildLocale (C:\Users\idfab\fiowiki\node_modules\@docusaurus\core\lib\commands\build\buildLocale.js:98:31)
      at async runBuildLocaleTask (C:\Users\idfab\fiowiki\node_modules\@docusaurus\core\lib\commands\build\build.js:91:5)
      at async C:\Users\idfab\fiowiki\node_modules\@docusaurus\core\lib\commands\build\build.js:72:13
      at async tryToBuildLocale (C:\Users\idfab\fiowiki\node_modules\@docusaurus\core\lib\commands\build\build.js:68:9)
}
[INFO] Docusaurus version: 3.10.1
Node version: v24.14.1
┌────────────────────────────────────────────────────────────┐
│            @docusaurus/core update check failed            │
│            Try running with sudo or get access             │
│            to the local update config store via            │
│ sudo chown -R $USER:$(id -gn $USER) C:\Users\idfab\.config │
└────────────────────────────────────────────────────────────┘
